<?xml version="1.0" encoding="utf-8"?><testsuites><testsuite name="pytest" errors="0" failures="0" skipped="0" tests="6" time="1.289" timestamp="2024-03-28T14:09:19.075382" hostname="LAPTOP-JVG6QHVL"><testcase classname="testcases.test_01_mylogin.TestLogin" name="testlogin[args0]" time="0.309" /><testcase classname="testcases.test_01_mylogin.TestLogin" name="testlogin[args1]" time="0.267" /><testcase classname="testcases.test_01_mylogin.TestLogin" name="testlogin[args2]" time="0.260" /><testcase classname="testcases.test_02_getsp.TestGetSp" name="testgetSp" time="0.089" /><testcase classname="testcases.test_03_getvolumes.TestGetVolumes" name="testgetvolumes" time="0.105" /><testcase classname="testcases.test_04_wbtest0326" name="test01" time="0.000" /></testsuite></testsuites>